{"logTime": "1006/000441", "correlationVector":"e7ZWMlI47RR76gTrs538AO.1","action":"SyncServerConnectionManagerRequest", "result":"SYNC_SERVER_OK", "context":{"environment":"Prod_EastUS2_000e", "migrationStage":"NotStarted", "server":"GENERAL01000012"}}
{"logTime": "1006/000442", "correlationVector":"3bzXglQRpB/k3Onn4J5x4e","action":"SyncServerConnectionManagerRequest", "result":"SYNC_SERVER_OK", "context":{"environment":"", "migrationStage":"", "server":""}}
{"logTime": "1006/000442", "correlationVector":"e7ZWMlI47RR76gTrs538AO","action":"Initial GetUpdates", "result":"", "context":Reason: NEW_CLIENT. cV=e7ZWMlI47RR76gTrs538AO}
{"logTime": "1006/000442", "correlationVector":"e7ZWMlI47RR76gTrs538AO.2","action":"GetUpdates Response", "result":"Success", "context":Received 1 update(s). cV=e7ZWMlI47RR76gTrs538AO.0;server=GENERAL01000012;cloudType=Consumer;environment=Prod_EastUS2_000e;migrationStage=NotStarted}
{"logTime": "1006/000442", "correlationVector":"ip/FoJUjjXQwZzBg7tDjLw","action":"Initial GetUpdates", "result":"", "context":Reason: NEWLY_SUPPORTED_DATATYPE. cV=ip/FoJUjjXQwZzBg7tDjLw}
{"logTime": "1006/000442", "correlationVector":"ip/FoJUjjXQwZzBg7tDjLw.1","action":"SyncServerConnectionManagerRequest", "result":"SYNC_SERVER_OK", "context":{"environment":"Prod_EastUS2_000e", "migrationStage":"NotStarted", "server":"GENERAL0100002V"}}
{"logTime": "1006/000442", "correlationVector":"ip/FoJUjjXQwZzBg7tDjLw.2","action":"GetUpdates Response", "result":"Success", "context":Received 52 update(s). cV=ip/FoJUjjXQwZzBg7tDjLw.0;server=GENERAL0100002V;cloudType=Consumer;environment=Prod_EastUS2_000e;migrationStage=NotStarted}
{"logTime": "1006/000442", "correlationVector":"RRyS73pqLsIpCmR2r6J2d8","action":"Initial GetUpdates", "result":"", "context":Reason: NEWLY_SUPPORTED_DATATYPE. cV=RRyS73pqLsIpCmR2r6J2d8}
{"logTime": "1006/000442", "correlationVector":"RRyS73pqLsIpCmR2r6J2d8.1","action":"SyncServerConnectionManagerRequest", "result":"SYNC_SERVER_OK", "context":{"environment":"Prod_EastUS2_000e", "migrationStage":"NotStarted", "server":"GENERAL0100002C"}}
{"logTime": "1006/000442", "correlationVector":"RRyS73pqLsIpCmR2r6J2d8.2","action":"GetUpdates Response", "result":"Success", "context":Received 7 update(s). cV=RRyS73pqLsIpCmR2r6J2d8.0;server=GENERAL0100002C;cloudType=Consumer;environment=Prod_EastUS2_000e;migrationStage=NotStarted}
{"logTime": "1006/000442", "correlationVector":"C1OVwtB9MxxcJ7a1CiogZK","action":"Initial GetUpdates", "result":"", "context":Reason: NEWLY_SUPPORTED_DATATYPE. cV=C1OVwtB9MxxcJ7a1CiogZK}
{"logTime": "1006/000442", "correlationVector":"C1OVwtB9MxxcJ7a1CiogZK.1","action":"SyncServerConnectionManagerRequest", "result":"SYNC_SERVER_OK", "context":{"environment":"Prod_EastUS2_000e", "migrationStage":"NotStarted", "server":"GENERAL01000016"}}
{"logTime": "1006/000442", "correlationVector":"C1OVwtB9MxxcJ7a1CiogZK.2","action":"GetUpdates", "result":"DeleteReceived", "context":{"id":"6de6b361-ee1e-4254-94c8-f24804bada10", "isDeleted:":"true", "version":"1726403096396"}}
{"logTime": "1006/000442", "correlationVector":"C1OVwtB9MxxcJ7a1CiogZK.3","action":"GetUpdates", "result":"DeleteReceived", "context":{"id":"053039c0-17a4-41e9-b6dc-958166350927", "isDeleted:":"true", "version":"1726403096399"}}
{"logTime": "1006/000442", "correlationVector":"C1OVwtB9MxxcJ7a1CiogZK.4","action":"GetUpdates", "result":"DeleteReceived", "context":{"id":"88acdd86-25c2-463d-9c23-7873239ee340", "isDeleted:":"true", "version":"1726412771439"}}
{"logTime": "1006/000442", "correlationVector":"C1OVwtB9MxxcJ7a1CiogZK.5","action":"GetUpdates", "result":"DeleteReceived", "context":{"id":"ba89e3e8-c98d-4e6f-8456-6c22773c7a4c", "isDeleted:":"true", "version":"1726412771441"}}
{"logTime": "1006/000442", "correlationVector":"C1OVwtB9MxxcJ7a1CiogZK.6","action":"GetUpdates", "result":"DeleteReceived", "context":{"id":"18a30019-b71c-4c73-b4b9-7e9964ab3347", "isDeleted:":"true", "version":"1726437203964"}}
{"logTime": "1006/000442", "correlationVector":"C1OVwtB9MxxcJ7a1CiogZK.7","action":"GetUpdates", "result":"DeleteReceived", "context":{"id":"3a2f5f80-0bfd-4a68-833a-8242087f8d7b", "isDeleted:":"true", "version":"1727296094645"}}
{"logTime": "1006/000442", "correlationVector":"C1OVwtB9MxxcJ7a1CiogZK.8","action":"GetUpdates", "result":"DeleteReceived", "context":{"id":"4d58bf17-0a22-4344-a4c8-b01c024eae60", "isDeleted:":"true", "version":"1727296094648"}}
{"logTime": "1006/000442", "correlationVector":"C1OVwtB9MxxcJ7a1CiogZK.9","action":"GetUpdates", "result":"DeleteReceived", "context":{"id":"b5168ac9-baf9-4020-a47c-89d73aa7783c", "isDeleted:":"true", "version":"1727297338179"}}
{"logTime": "1006/000442", "correlationVector":"C1OVwtB9MxxcJ7a1CiogZK.10","action":"GetUpdates", "result":"DeleteReceived", "context":{"id":"bc533cd9-2662-417d-943b-334a2c0748ff", "isDeleted:":"true", "version":"1727548591122"}}
{"logTime": "1006/000442", "correlationVector":"C1OVwtB9MxxcJ7a1CiogZK.11","action":"GetUpdates", "result":"DeleteReceived", "context":{"id":"0839ad27-118d-48c5-bfe5-6c0869280a87", "isDeleted:":"true", "version":"1727831603777"}}
{"logTime": "1006/000442", "correlationVector":"C1OVwtB9MxxcJ7a1CiogZK.12","action":"GetUpdates", "result":"DeleteReceived", "context":{"id":"04520a56-6713-4fee-ab93-a8b083519b10", "isDeleted:":"true", "version":"1727831772171"}}
{"logTime": "1006/000442", "correlationVector":"C1OVwtB9MxxcJ7a1CiogZK.13","action":"GetUpdates Response", "result":"Success", "context":Received 29 update(s). cV=C1OVwtB9MxxcJ7a1CiogZK.0;server=GENERAL01000016;cloudType=Consumer;environment=Prod_EastUS2_000e;migrationStage=NotStarted}
{"logTime": "1006/000442", "correlationVector":"DhvRU/303FAQ5/GaMwIhzl","action":"Normal GetUpdate request", "result":"", "context":cV=DhvRU/303FAQ5/GaMwIhzl
Nudged types: Sessions, Device Info, User Consents
Refresh requested types: Bookmarks, Preferences, Passwords, Autofill Profiles, Autofill, Typed URLs, Extensions, Sessions, Extension settings, History Delete Directives, Device Info, User Consents, Send Tab To Self, Web Apps, Collection, Edge E Drop, Edge Hub App Usage, Edge Tab Group, Edge Wallet, Encryption Keys}
{"logTime": "1006/000443", "correlationVector":"DhvRU/303FAQ5/GaMwIhzl.1","action":"SyncServerConnectionManagerRequest", "result":"SYNC_SERVER_OK", "context":{"environment":"Prod_EastUS2_000e", "migrationStage":"NotStarted", "server":"GENERAL0100000S"}}
{"logTime": "1006/000443", "correlationVector":"DhvRU/303FAQ5/GaMwIhzl.2","action":"GetUpdates Response", "result":"Success", "context":Received 0 update(s). cV=DhvRU/303FAQ5/GaMwIhzl.0;server=GENERAL0100000S;cloudType=Consumer;environment=Prod_EastUS2_000e;migrationStage=NotStarted}
{"logTime": "1006/000443", "correlationVector":"YY2QXnCUKHvo9ox9p1iYD2","action":"DoCompareDataConsistency requsted types: ", "result":"Bookmarks, Preferences, Passwords, Typed URLs, Extensions, Extension settings, History Delete Directives, Send Tab To Self, Web Apps, Collection, Edge E Drop, Edge Tab Group, Edge Wallet, Encryption Keys"}
{"logTime": "1006/000443", "correlationVector":"YY2QXnCUKHvo9ox9p1iYD2.0","action":"CompareDataConsistency result: ", "result":"Compare result: Encryption Keys is consistent. local entities count is: 1 local entities hash is: Wtpi8QMPpOMDzGY8e/Iuy3NiPLE="}
{"logTime": "1006/000443", "correlationVector":"YY2QXnCUKHvo9ox9p1iYD2.1","action":"CompareDataConsistency result: ", "result":"Compare result: Bookmarks is consistent. local entities count is: 5 local entities hash is: lWulDhGk/d87F6HAwUTAB/rAQ1E="}
{"logTime": "1006/000443", "correlationVector":"YY2QXnCUKHvo9ox9p1iYD2.2","action":"CompareDataConsistency result: ", "result":"Compare result: Preferences is consistent. local entities count is: 45 local entities hash is: BBzVdNkYA/kMZYxcI5WG1SMYJBw="}
{"logTime": "1006/000443", "correlationVector":"YY2QXnCUKHvo9ox9p1iYD2.3","action":"CompareDataConsistency result: ", "result":"Server did not send this Typed URLs local entities count is: 0 local entities hash is: "}
{"logTime": "1006/000443", "correlationVector":"YY2QXnCUKHvo9ox9p1iYD2.4","action":"CompareDataConsistency result: ", "result":"Compare result: Extensions is consistent. local entities count is: 0 local entities hash is: "}
{"logTime": "1006/000443", "correlationVector":"YY2QXnCUKHvo9ox9p1iYD2.5","action":"CompareDataConsistency result: ", "result":"Compare result: Extension settings is consistent. local entities count is: 0 local entities hash is: "}
{"logTime": "1006/000443", "correlationVector":"YY2QXnCUKHvo9ox9p1iYD2.6","action":"CompareDataConsistency result: ", "result":"Compare result: History Delete Directives is consistent. local entities count is: 0 local entities hash is: "}
{"logTime": "1006/000443", "correlationVector":"YY2QXnCUKHvo9ox9p1iYD2.7","action":"CompareDataConsistency result: ", "result":"Server did not send this Send Tab To Self local entities count is: 0 local entities hash is: "}
{"logTime": "1006/000443", "correlationVector":"YY2QXnCUKHvo9ox9p1iYD2.8","action":"CompareDataConsistency result: ", "result":"Compare result: Web Apps is consistent. local entities count is: 0 local entities hash is: "}
{"logTime": "1006/000443", "correlationVector":"YY2QXnCUKHvo9ox9p1iYD2.9","action":"CompareDataConsistency result: ", "result":"Compare result: Collection is consistent. local entities count is: 0 local entities hash is: "}
{"logTime": "1006/000443", "correlationVector":"YY2QXnCUKHvo9ox9p1iYD2.10","action":"CompareDataConsistency result: ", "result":"Compare result: Edge E Drop is consistent. local entities count is: 0 local entities hash is: "}
{"logTime": "1006/000443", "correlationVector":"YY2QXnCUKHvo9ox9p1iYD2.11","action":"CompareDataConsistency result: ", "result":"Compare result: Edge Tab Group is consistent. local entities count is: 0 local entities hash is: "}
{"logTime": "1006/000443", "correlationVector":"YY2QXnCUKHvo9ox9p1iYD2.12","action":"CompareDataConsistency result: ", "result":"Compare result: Edge Wallet is consistent. local entities count is: 0 local entities hash is: "}
{"logTime": "1006/000443", "correlationVector":"YY2QXnCUKHvo9ox9p1iYD2.13","action":"CompareDataConsistency result: ", "result":"Compare result: Passwords is consistent. local entities count is: 3 local entities hash is: wQ49Twem4NRSBPa2cYj/veM6egg="}
{"logTime": "1006/000443", "correlationVector":"uBQcvLiGg452/WOTmt63qP","action":"Commit Request", "result":"", "context":Item count: 5
Contributing types: Sessions, Device Info, User Consents}
{"logTime": "1006/000443", "correlationVector":"uBQcvLiGg452/WOTmt63qP.1","action":"SyncServerConnectionManagerRequest", "result":"SYNC_SERVER_OK", "context":{"environment":"Prod_EastUS2_000e", "migrationStage":"NotStarted", "server":"GENERAL01000017"}}
{"logTime": "1006/000443", "correlationVector":"uBQcvLiGg452/WOTmt63qP.2","action":"Commit Response", "result":"Success", "context":Result: Success. cV=uBQcvLiGg452/WOTmt63qP.0;server=GENERAL01000017;cloudType=Consumer;environment=Prod_EastUS2_000e;migrationStage=NotStarted}
{"logTime": "1006/000443", "correlationVector":"","action":"DIAGNOSTIC_REQUEST|v1/diagnosticData/Diagnostic.SendCheckResult()|SUCCESS", "result":""}
{"logTime": "1006/000443", "correlationVector":"7v7VoFN3JDV/rjOc7NjLqt","action":"Normal GetUpdate request", "result":"", "context":cV=7v7VoFN3JDV/rjOc7NjLqt
Nudged types: Sessions, Device Info, Edge Hub App Usage}
{"logTime": "1006/000443", "correlationVector":"7v7VoFN3JDV/rjOc7NjLqt.1","action":"SyncServerConnectionManagerRequest", "result":"SYNC_SERVER_OK", "context":{"environment":"Prod_EastUS2_000e", "migrationStage":"NotStarted", "server":"GENERAL0100002K"}}
{"logTime": "1006/000443", "correlationVector":"7v7VoFN3JDV/rjOc7NjLqt.2","action":"GetUpdates Response", "result":"Success", "context":Received 3 update(s). cV=7v7VoFN3JDV/rjOc7NjLqt.0;server=GENERAL0100002K;cloudType=Consumer;environment=Prod_EastUS2_000e;migrationStage=NotStarted}
{"logTime": "1006/000443", "correlationVector":"kqEhOQxeG4Brpm2ayXOmk3","action":"Commit Request", "result":"", "context":Item count: 1
Contributing types: Edge Hub App Usage}
{"logTime": "1006/000444", "correlationVector":"kqEhOQxeG4Brpm2ayXOmk3.1","action":"SyncServerConnectionManagerRequest", "result":"SYNC_SERVER_OK", "context":{"environment":"Prod_EastUS2_000e", "migrationStage":"NotStarted", "server":"general0100000V"}}
{"logTime": "1006/000444", "correlationVector":"kqEhOQxeG4Brpm2ayXOmk3.2","action":"Commit Response", "result":"Success", "context":Result: Success. cV=kqEhOQxeG4Brpm2ayXOmk3.0;server=general0100000V;cloudType=Consumer;environment=Prod_EastUS2_000e;migrationStage=NotStarted}
{"logTime": "1006/000446", "correlationVector":"XpwUFvgjmIvjXP4vkQ77OI","action":"Normal GetUpdate request", "result":"", "context":cV=XpwUFvgjmIvjXP4vkQ77OI
Nudged types: Sessions, Edge Hub App Usage}
{"logTime": "1006/000446", "correlationVector":"XpwUFvgjmIvjXP4vkQ77OI.1","action":"SyncServerConnectionManagerRequest", "result":"SYNC_SERVER_OK", "context":{"environment":"Prod_EastUS2_000e", "migrationStage":"NotStarted", "server":"GENERAL01000018"}}
{"logTime": "1006/000446", "correlationVector":"XpwUFvgjmIvjXP4vkQ77OI.2","action":"GetUpdates Response", "result":"Success", "context":Received 1 update(s). cV=XpwUFvgjmIvjXP4vkQ77OI.0;server=GENERAL01000018;cloudType=Consumer;environment=Prod_EastUS2_000e;migrationStage=NotStarted}
{"logTime": "1006/000446", "correlationVector":"ZmoYw5t+BVN4zSDdFAdCF3","action":"Commit Request", "result":"", "context":Item count: 1
Contributing types: Sessions}
{"logTime": "1006/000446", "correlationVector":"ZmoYw5t+BVN4zSDdFAdCF3.1","action":"SyncServerConnectionManagerRequest", "result":"SYNC_SERVER_OK", "context":{"environment":"Prod_EastUS2_000e", "migrationStage":"NotStarted", "server":"GENERAL0100001Z"}}
{"logTime": "1006/000446", "correlationVector":"ZmoYw5t+BVN4zSDdFAdCF3.2","action":"Commit Response", "result":"Success", "context":Result: Success. cV=ZmoYw5t+BVN4zSDdFAdCF3.0;server=GENERAL0100001Z;cloudType=Consumer;environment=Prod_EastUS2_000e;migrationStage=NotStarted}
{"logTime": "1006/000516", "correlationVector":"zdQOD+17kuxMT7Mqpt6ZVf","action":"Commit Request", "result":"", "context":Item count: 1
Contributing types: Sessions}
{"logTime": "1006/000516", "correlationVector":"zdQOD+17kuxMT7Mqpt6ZVf.1","action":"SyncServerConnectionManagerRequest", "result":"SYNC_SERVER_OK", "context":{"environment":"Prod_EastUS2_000e", "migrationStage":"NotStarted", "server":"GENERAL01000024"}}
{"logTime": "1006/000516", "correlationVector":"zdQOD+17kuxMT7Mqpt6ZVf.2","action":"Commit Response", "result":"Success", "context":Result: Success. cV=zdQOD+17kuxMT7Mqpt6ZVf.0;server=GENERAL01000024;cloudType=Consumer;environment=Prod_EastUS2_000e;migrationStage=NotStarted}
{"logTime": "1007/163036", "correlationVector":"4NYo6WX4wr7apwrnIfgsA7.1","action":"SyncServerConnectionManagerRequest", "result":"SYNC_SERVER_OK", "context":{"environment":"Prod_EastUS_000w", "migrationStage":"NotStarted", "server":"GENERAL1100002E"}}
{"logTime": "1007/163036", "correlationVector":"us1attISp4gei8E+alw3bg","action":"SyncServerConnectionManagerRequest", "result":"SYNC_SERVER_OK", "context":{"environment":"", "migrationStage":"", "server":""}}
{"logTime": "1007/163036", "correlationVector":"4NYo6WX4wr7apwrnIfgsA7","action":"Initial GetUpdates", "result":"", "context":Reason: NEW_CLIENT. cV=4NYo6WX4wr7apwrnIfgsA7}
{"logTime": "1007/163036", "correlationVector":"4NYo6WX4wr7apwrnIfgsA7.2","action":"GetUpdates Response", "result":"Success", "context":Received 1 update(s). cV=4NYo6WX4wr7apwrnIfgsA7.0;server=GENERAL1100002E;cloudType=Consumer;environment=Prod_EastUS_000w;migrationStage=NotStarted}
{"logTime": "1007/163036", "correlationVector":"mfpZE/IdXs0uYIucfd3Cth","action":"Initial GetUpdates", "result":"", "context":Reason: NEWLY_SUPPORTED_DATATYPE. cV=mfpZE/IdXs0uYIucfd3Cth}
{"logTime": "1007/163037", "correlationVector":"mfpZE/IdXs0uYIucfd3Cth.1","action":"SyncServerConnectionManagerRequest", "result":"SYNC_SERVER_OK", "context":{"environment":"Prod_EastUS_000w", "migrationStage":"NotStarted", "server":"GENERAL1100000B"}}
{"logTime": "1007/163037", "correlationVector":"mfpZE/IdXs0uYIucfd3Cth.2","action":"GetUpdates Response", "result":"Success", "context":Received 3 update(s). cV=mfpZE/IdXs0uYIucfd3Cth.0;server=GENERAL1100000B;cloudType=Consumer;environment=Prod_EastUS_000w;migrationStage=NotStarted}
{"logTime": "1007/163037", "correlationVector":"IZeWQ/fdtqkxCqagQ2RsUZ","action":"Normal GetUpdate request", "result":"", "context":cV=IZeWQ/fdtqkxCqagQ2RsUZ
Nudged types: Sessions, Device Info
Refresh requested types: Bookmarks, Preferences, Passwords, Autofill Profiles, Autofill, Typed URLs, Extensions, Sessions, Extension settings, History Delete Directives, Device Info, User Consents, Send Tab To Self, Web Apps, Collection, Edge E Drop, Edge Hub App Usage, Edge Tab Group, Edge Wallet, Encryption Keys}
{"logTime": "1007/163037", "correlationVector":"IZeWQ/fdtqkxCqagQ2RsUZ.1","action":"SyncServerConnectionManagerRequest", "result":"SYNC_SERVER_OK", "context":{"environment":"Prod_EastUS_000w", "migrationStage":"NotStarted", "server":"GENERAL1100002T"}}
{"logTime": "1007/163037", "correlationVector":"IZeWQ/fdtqkxCqagQ2RsUZ.2","action":"GetUpdates", "result":"DeleteReceived", "context":{"id":"11c6c6b4-60f8-415c-b483-dee1e11c5ddc", "isDeleted:":"true", "version":"1728314784744"}}
{"logTime": "1007/163037", "correlationVector":"IZeWQ/fdtqkxCqagQ2RsUZ.3","action":"GetUpdates Response", "result":"Success", "context":Received 4 update(s). cV=IZeWQ/fdtqkxCqagQ2RsUZ.0;server=GENERAL1100002T;cloudType=Consumer;environment=Prod_EastUS_000w;migrationStage=NotStarted}
{"logTime": "1007/163037", "correlationVector":"vsufQTmWJISpLlOVEt565Z","action":"Poll GetUpdate request", "result":"", "context":cV=vsufQTmWJISpLlOVEt565Z}
{"logTime": "1007/163037", "correlationVector":"vsufQTmWJISpLlOVEt565Z.1","action":"SyncServerConnectionManagerRequest", "result":"SYNC_SERVER_OK", "context":{"environment":"Prod_EastUS_000w", "migrationStage":"NotStarted", "server":"GENERAL11000016"}}
{"logTime": "1007/163037", "correlationVector":"vsufQTmWJISpLlOVEt565Z.2","action":"GetUpdates Response", "result":"Success", "context":Received 0 update(s). cV=vsufQTmWJISpLlOVEt565Z.0;server=GENERAL11000016;cloudType=Consumer;environment=Prod_EastUS_000w;migrationStage=NotStarted}
{"logTime": "1007/165357", "correlationVector":"RDpXzw7kq1QNadWe3RQqQ6.1","action":"SyncServerConnectionManagerRequest", "result":"SYNC_SERVER_OK", "context":{"environment":"Prod_EastUS_000w", "migrationStage":"NotStarted", "server":"GENERAL1100001D"}}
{"logTime": "1007/165358", "correlationVector":"VnqNfV/s+GlcyP+RHx/ADj","action":"SyncServerConnectionManagerRequest", "result":"SYNC_SERVER_OK", "context":{"environment":"", "migrationStage":"", "server":""}}
{"logTime": "1007/165358", "correlationVector":"RDpXzw7kq1QNadWe3RQqQ6","action":"Initial GetUpdates", "result":"", "context":Reason: NEW_CLIENT. cV=RDpXzw7kq1QNadWe3RQqQ6}
{"logTime": "1007/165358", "correlationVector":"RDpXzw7kq1QNadWe3RQqQ6.2","action":"GetUpdates Response", "result":"Success", "context":Received 1 update(s). cV=RDpXzw7kq1QNadWe3RQqQ6.0;server=GENERAL1100001D;cloudType=Consumer;environment=Prod_EastUS_000w;migrationStage=NotStarted}
{"logTime": "1007/165358", "correlationVector":"uBFTskF6dyt1dULjoG7S9E","action":"Initial GetUpdates", "result":"", "context":Reason: NEWLY_SUPPORTED_DATATYPE. cV=uBFTskF6dyt1dULjoG7S9E}
{"logTime": "1007/165358", "correlationVector":"uBFTskF6dyt1dULjoG7S9E.1","action":"SyncServerConnectionManagerRequest", "result":"SYNC_SERVER_OK", "context":{"environment":"Prod_EastUS_000w", "migrationStage":"NotStarted", "server":"GENERAL1100000B"}}
{"logTime": "1007/165358", "correlationVector":"uBFTskF6dyt1dULjoG7S9E.2","action":"GetUpdates Response", "result":"Success", "context":Received 3 update(s). cV=uBFTskF6dyt1dULjoG7S9E.0;server=GENERAL1100000B;cloudType=Consumer;environment=Prod_EastUS_000w;migrationStage=NotStarted}
{"logTime": "1007/165358", "correlationVector":"aHGIeO19jaPrV4mj+wXEui","action":"Normal GetUpdate request", "result":"", "context":cV=aHGIeO19jaPrV4mj+wXEui
Nudged types: Sessions
Refresh requested types: Bookmarks, Preferences, Passwords, Autofill Profiles, Autofill, Typed URLs, Extensions, Sessions, Extension settings, History Delete Directives, Device Info, User Consents, Send Tab To Self, Web Apps, Collection, Edge E Drop, Edge Hub App Usage, Edge Tab Group, Edge Wallet, Encryption Keys}
{"logTime": "1007/165358", "correlationVector":"aHGIeO19jaPrV4mj+wXEui.1","action":"SyncServerConnectionManagerRequest", "result":"SYNC_SERVER_OK", "context":{"environment":"Prod_EastUS_000w", "migrationStage":"NotStarted", "server":"GENERAL1100000O"}}
{"logTime": "1007/165358", "correlationVector":"aHGIeO19jaPrV4mj+wXEui.2","action":"GetUpdates Response", "result":"Success", "context":Received 3 update(s). cV=aHGIeO19jaPrV4mj+wXEui.0;server=GENERAL1100000O;cloudType=Consumer;environment=Prod_EastUS_000w;migrationStage=NotStarted}
{"logTime": "1007/170538", "correlationVector":"W5zAANDRub6DvK7s/ylsxE.1","action":"SyncServerConnectionManagerRequest", "result":"SYNC_SERVER_OK", "context":{"environment":"Prod_EastUS_000w", "migrationStage":"NotStarted", "server":"GENERAL11000011"}}
{"logTime": "1007/170538", "correlationVector":"gJEHZWuf7rqWCcyQdajjmt","action":"SyncServerConnectionManagerRequest", "result":"SYNC_SERVER_OK", "context":{"environment":"", "migrationStage":"", "server":""}}
{"logTime": "1007/170538", "correlationVector":"W5zAANDRub6DvK7s/ylsxE","action":"Initial GetUpdates", "result":"", "context":Reason: NEW_CLIENT. cV=W5zAANDRub6DvK7s/ylsxE}
{"logTime": "1007/170538", "correlationVector":"W5zAANDRub6DvK7s/ylsxE.2","action":"GetUpdates Response", "result":"Success", "context":Received 1 update(s). cV=W5zAANDRub6DvK7s/ylsxE.0;server=GENERAL11000011;cloudType=Consumer;environment=Prod_EastUS_000w;migrationStage=NotStarted}
{"logTime": "1007/170538", "correlationVector":"KU28WtRMA49AOprUIkKMQF","action":"Initial GetUpdates", "result":"", "context":Reason: NEWLY_SUPPORTED_DATATYPE. cV=KU28WtRMA49AOprUIkKMQF}
{"logTime": "1007/170539", "correlationVector":"KU28WtRMA49AOprUIkKMQF.1","action":"SyncServerConnectionManagerRequest", "result":"SYNC_SERVER_OK", "context":{"environment":"Prod_EastUS_000w", "migrationStage":"NotStarted", "server":"GENERAL1100002V"}}
{"logTime": "1007/170539", "correlationVector":"KU28WtRMA49AOprUIkKMQF.2","action":"GetUpdates Response", "result":"Success", "context":Received 3 update(s). cV=KU28WtRMA49AOprUIkKMQF.0;server=GENERAL1100002V;cloudType=Consumer;environment=Prod_EastUS_000w;migrationStage=NotStarted}
{"logTime": "1007/170539", "correlationVector":"uEAR+i2eYp7ecHPu8Tbr6r","action":"Normal GetUpdate request", "result":"", "context":cV=uEAR+i2eYp7ecHPu8Tbr6r
Nudged types: Sessions
Refresh requested types: Bookmarks, Preferences, Passwords, Autofill Profiles, Autofill, Typed URLs, Extensions, Sessions, Extension settings, History Delete Directives, Device Info, User Consents, Send Tab To Self, Web Apps, Collection, Edge E Drop, Edge Hub App Usage, Edge Tab Group, Edge Wallet, Encryption Keys}
{"logTime": "1007/170539", "correlationVector":"uEAR+i2eYp7ecHPu8Tbr6r.1","action":"SyncServerConnectionManagerRequest", "result":"SYNC_SERVER_OK", "context":{"environment":"Prod_EastUS_000w", "migrationStage":"NotStarted", "server":"GENERAL1100002U"}}
{"logTime": "1007/170539", "correlationVector":"uEAR+i2eYp7ecHPu8Tbr6r.2","action":"GetUpdates", "result":"DeleteReceived", "context":{"id":"5a9dd93e-e94a-419c-9b51-57c7b937c626", "isDeleted:":"true", "version":"1728320368768"}}
{"logTime": "1007/170539", "correlationVector":"uEAR+i2eYp7ecHPu8Tbr6r.3","action":"GetUpdates Response", "result":"Success", "context":Received 4 update(s). cV=uEAR+i2eYp7ecHPu8Tbr6r.0;server=GENERAL1100002U;cloudType=Consumer;environment=Prod_EastUS_000w;migrationStage=NotStarted}
{"logTime": "1007/170612", "correlationVector":"1DRhVVGDlfZacVMWRNIU+v","action":"Normal GetUpdate request", "result":"", "context":cV=1DRhVVGDlfZacVMWRNIU+v
Nudged types: Sessions}
{"logTime": "1007/170613", "correlationVector":"1DRhVVGDlfZacVMWRNIU+v.1","action":"SyncServerConnectionManagerRequest", "result":"SYNC_SERVER_OK", "context":{"environment":"Prod_EastUS_000w", "migrationStage":"NotStarted", "server":"GENERAL1100002K"}}
{"logTime": "1007/170613", "correlationVector":"1DRhVVGDlfZacVMWRNIU+v.2","action":"GetUpdates Response", "result":"Success", "context":Received 0 update(s). cV=1DRhVVGDlfZacVMWRNIU+v.0;server=GENERAL1100002K;cloudType=Consumer;environment=Prod_EastUS_000w;migrationStage=NotStarted}
{"logTime": "1007/170613", "correlationVector":"aZJk/R90tgkWcsV/54E/zK","action":"Commit Request", "result":"", "context":Item count: 2
Contributing types: Sessions}
{"logTime": "1007/170613", "correlationVector":"aZJk/R90tgkWcsV/54E/zK.1","action":"SyncServerConnectionManagerRequest", "result":"SYNC_SERVER_OK", "context":{"environment":"Prod_EastUS_000w", "migrationStage":"NotStarted", "server":"GENERAL0100000A"}}
{"logTime": "1007/170613", "correlationVector":"aZJk/R90tgkWcsV/54E/zK.2","action":"Commit Response", "result":"Success", "context":Result: Success. cV=aZJk/R90tgkWcsV/54E/zK.0;server=GENERAL0100000A;cloudType=Consumer;environment=Prod_EastUS_000w;migrationStage=NotStarted}
{"logTime": "1007/171720", "correlationVector":"HAAALuvL5uq47Pq+CdObiW.1","action":"SyncServerConnectionManagerRequest", "result":"SYNC_SERVER_OK", "context":{"environment":"Prod_EastUS_000w", "migrationStage":"NotStarted", "server":"GENERAL1100002W"}}
{"logTime": "1007/171720", "correlationVector":"TU7Cxld5Lkgtpnh6RFhHel","action":"SyncServerConnectionManagerRequest", "result":"SYNC_SERVER_OK", "context":{"environment":"", "migrationStage":"", "server":""}}
{"logTime": "1007/171720", "correlationVector":"HAAALuvL5uq47Pq+CdObiW","action":"Initial GetUpdates", "result":"", "context":Reason: NEW_CLIENT. cV=HAAALuvL5uq47Pq+CdObiW}
{"logTime": "1007/171720", "correlationVector":"HAAALuvL5uq47Pq+CdObiW.2","action":"GetUpdates Response", "result":"Success", "context":Received 1 update(s). cV=HAAALuvL5uq47Pq+CdObiW.0;server=GENERAL1100002W;cloudType=Consumer;environment=Prod_EastUS_000w;migrationStage=NotStarted}
{"logTime": "1007/171720", "correlationVector":"IEFoXMjOy1UJMU9CXfOYhn","action":"Initial GetUpdates", "result":"", "context":Reason: NEWLY_SUPPORTED_DATATYPE. cV=IEFoXMjOy1UJMU9CXfOYhn}
{"logTime": "1007/171720", "correlationVector":"IEFoXMjOy1UJMU9CXfOYhn.1","action":"SyncServerConnectionManagerRequest", "result":"SYNC_SERVER_OK", "context":{"environment":"Prod_EastUS_000w", "migrationStage":"NotStarted", "server":"GENERAL11000018"}}
{"logTime": "1007/171720", "correlationVector":"IEFoXMjOy1UJMU9CXfOYhn.2","action":"GetUpdates Response", "result":"Success", "context":Received 3 update(s). cV=IEFoXMjOy1UJMU9CXfOYhn.0;server=GENERAL11000018;cloudType=Consumer;environment=Prod_EastUS_000w;migrationStage=NotStarted}
{"logTime": "1007/171721", "correlationVector":"h68DI8MFZFF1etK75lNGTo","action":"Normal GetUpdate request", "result":"", "context":cV=h68DI8MFZFF1etK75lNGTo
Nudged types: Sessions
Refresh requested types: Bookmarks, Preferences, Passwords, Autofill Profiles, Autofill, Typed URLs, Extensions, Sessions, Extension settings, History Delete Directives, Device Info, User Consents, Send Tab To Self, Web Apps, Collection, Edge E Drop, Edge Hub App Usage, Edge Tab Group, Edge Wallet, Encryption Keys}
{"logTime": "1007/171721", "correlationVector":"h68DI8MFZFF1etK75lNGTo.1","action":"SyncServerConnectionManagerRequest", "result":"SYNC_SERVER_OK", "context":{"environment":"Prod_EastUS_000w", "migrationStage":"NotStarted", "server":"GENERAL01000015"}}
{"logTime": "1007/171721", "correlationVector":"h68DI8MFZFF1etK75lNGTo.2","action":"GetUpdates", "result":"DeleteReceived", "context":{"id":"06ffe80c-bbae-4401-8036-559fc1dc1d95", "isDeleted:":"true", "version":"1728320949163"}}
{"logTime": "1007/171721", "correlationVector":"h68DI8MFZFF1etK75lNGTo.3","action":"GetUpdates", "result":"DeleteReceived", "context":{"id":"27ac7364-c9fd-4ce9-9303-44d31711d8c1", "isDeleted:":"true", "version":"1728321132424"}}
{"logTime": "1007/171721", "correlationVector":"h68DI8MFZFF1etK75lNGTo.4","action":"GetUpdates Response", "result":"Success", "context":Received 5 update(s). cV=h68DI8MFZFF1etK75lNGTo.0;server=GENERAL01000015;cloudType=Consumer;environment=Prod_EastUS_000w;migrationStage=NotStarted}
{"logTime": "1007/171754", "correlationVector":"OitK12Zyjn8ejd+TxvjXcx","action":"Normal GetUpdate request", "result":"", "context":cV=OitK12Zyjn8ejd+TxvjXcx
Nudged types: Sessions}
{"logTime": "1007/171754", "correlationVector":"OitK12Zyjn8ejd+TxvjXcx.1","action":"SyncServerConnectionManagerRequest", "result":"SYNC_SERVER_OK", "context":{"environment":"Prod_EastUS_000w", "migrationStage":"NotStarted", "server":"GENERAL1100000L"}}
{"logTime": "1007/171754", "correlationVector":"OitK12Zyjn8ejd+TxvjXcx.2","action":"GetUpdates Response", "result":"Success", "context":Received 0 update(s). cV=OitK12Zyjn8ejd+TxvjXcx.0;server=GENERAL1100000L;cloudType=Consumer;environment=Prod_EastUS_000w;migrationStage=NotStarted}
{"logTime": "1007/171754", "correlationVector":"je16fuSTLPQBi+7GHlNpLG","action":"Commit Request", "result":"", "context":Item count: 2
Contributing types: Sessions}
{"logTime": "1007/171754", "correlationVector":"je16fuSTLPQBi+7GHlNpLG.1","action":"SyncServerConnectionManagerRequest", "result":"SYNC_SERVER_OK", "context":{"environment":"Prod_EastUS_000w", "migrationStage":"NotStarted", "server":"GENERAL1100002U"}}
{"logTime": "1007/171754", "correlationVector":"je16fuSTLPQBi+7GHlNpLG.2","action":"Commit Response", "result":"Success", "context":Result: Success. cV=je16fuSTLPQBi+7GHlNpLG.0;server=GENERAL1100002U;cloudType=Consumer;environment=Prod_EastUS_000w;migrationStage=NotStarted}
{"logTime": "1007/172219", "correlationVector":"wHDqbEZePkpXgfN4Biih+d","action":"Normal GetUpdate request", "result":"", "context":cV=wHDqbEZePkpXgfN4Biih+d
Refresh requested types: Bookmarks, Preferences, Passwords, Autofill Profiles, Autofill, Typed URLs, Extensions, Sessions, Extension settings, History Delete Directives, Device Info, User Consents, Send Tab To Self, Web Apps, Collection, Edge E Drop, Edge Hub App Usage, Edge Tab Group, Edge Wallet, Encryption Keys}
{"logTime": "1007/172219", "correlationVector":"wHDqbEZePkpXgfN4Biih+d.1","action":"SyncServerConnectionManagerRequest", "result":"SYNC_SERVER_OK", "context":{"environment":"Prod_EastUS_000w", "migrationStage":"NotStarted", "server":"GENERAL1100003K"}}
{"logTime": "1007/172219", "correlationVector":"wHDqbEZePkpXgfN4Biih+d.2","action":"GetUpdates Response", "result":"Success", "context":Received 2 update(s). cV=wHDqbEZePkpXgfN4Biih+d.0;server=GENERAL1100003K;cloudType=Consumer;environment=Prod_EastUS_000w;migrationStage=NotStarted}
{"logTime": "1007/172322", "correlationVector":"yswtteBJctD0hwbUAo+4CQ","action":"Commit Request", "result":"", "context":Item count: 1
Contributing types: Preferences}
{"logTime": "1007/172322", "correlationVector":"yswtteBJctD0hwbUAo+4CQ.1","action":"SyncServerConnectionManagerRequest", "result":"SYNC_SERVER_OK", "context":{"environment":"Prod_EastUS_000w", "migrationStage":"NotStarted", "server":"GENERAL01000016"}}
{"logTime": "1007/172322", "correlationVector":"yswtteBJctD0hwbUAo+4CQ.2","action":"Commit Response", "result":"Success", "context":Result: Success. cV=yswtteBJctD0hwbUAo+4CQ.0;server=GENERAL01000016;cloudType=Consumer;environment=Prod_EastUS_000w;migrationStage=NotStarted}
{"logTime": "1007/172931", "correlationVector":"/tB6bo9ukXbZpHxUeiNECN","action":"Commit Request", "result":"", "context":Item count: 1
Contributing types: Sessions}
{"logTime": "1007/172932", "correlationVector":"/tB6bo9ukXbZpHxUeiNECN.1","action":"SyncServerConnectionManagerRequest", "result":"SYNC_SERVER_OK", "context":{"environment":"Prod_EastUS_000w", "migrationStage":"NotStarted", "server":"GENERAL1100001N"}}
{"logTime": "1007/172932", "correlationVector":"/tB6bo9ukXbZpHxUeiNECN.2","action":"Commit Response", "result":"Success", "context":Result: Success. cV=/tB6bo9ukXbZpHxUeiNECN.0;server=GENERAL1100001N;cloudType=Consumer;environment=Prod_EastUS_000w;migrationStage=NotStarted}
{"logTime": "1007/180611", "correlationVector":"MV+EcVh4IfUM5C2gwxmG0B.1","action":"SyncServerConnectionManagerRequest", "result":"SYNC_SERVER_OK", "context":{"environment":"Prod_EastUS_000w", "migrationStage":"NotStarted", "server":"GENERAL1100000A"}}
{"logTime": "1007/180612", "correlationVector":"ndBnv68wewlCRGir6nUieR","action":"SyncServerConnectionManagerRequest", "result":"SYNC_SERVER_OK", "context":{"environment":"", "migrationStage":"", "server":""}}
{"logTime": "1007/180612", "correlationVector":"MV+EcVh4IfUM5C2gwxmG0B","action":"Initial GetUpdates", "result":"", "context":Reason: NEW_CLIENT. cV=MV+EcVh4IfUM5C2gwxmG0B}
{"logTime": "1007/180612", "correlationVector":"MV+EcVh4IfUM5C2gwxmG0B.2","action":"GetUpdates Response", "result":"Success", "context":Received 1 update(s). cV=MV+EcVh4IfUM5C2gwxmG0B.0;server=GENERAL1100000A;cloudType=Consumer;environment=Prod_EastUS_000w;migrationStage=NotStarted}
{"logTime": "1007/180612", "correlationVector":"jjqC+Y/IDGGNqYqwFsrERb","action":"Initial GetUpdates", "result":"", "context":Reason: NEWLY_SUPPORTED_DATATYPE. cV=jjqC+Y/IDGGNqYqwFsrERb}
{"logTime": "1007/180612", "correlationVector":"jjqC+Y/IDGGNqYqwFsrERb.1","action":"SyncServerConnectionManagerRequest", "result":"SYNC_SERVER_OK", "context":{"environment":"Prod_EastUS_000w", "migrationStage":"NotStarted", "server":"GENERAL1100001N"}}
{"logTime": "1007/180612", "correlationVector":"jjqC+Y/IDGGNqYqwFsrERb.2","action":"GetUpdates Response", "result":"Success", "context":Received 3 update(s). cV=jjqC+Y/IDGGNqYqwFsrERb.0;server=GENERAL1100001N;cloudType=Consumer;environment=Prod_EastUS_000w;migrationStage=NotStarted}
{"logTime": "1007/180612", "correlationVector":"CtvVe3j2HDNcvoJnaWJ3nv","action":"Normal GetUpdate request", "result":"", "context":cV=CtvVe3j2HDNcvoJnaWJ3nv
Nudged types: Sessions
Refresh requested types: Bookmarks, Preferences, Passwords, Autofill Profiles, Autofill, Typed URLs, Extensions, Sessions, Extension settings, History Delete Directives, Device Info, User Consents, Send Tab To Self, Web Apps, Collection, Edge E Drop, Edge Hub App Usage, Edge Tab Group, Edge Wallet, Encryption Keys}
{"logTime": "1007/180612", "correlationVector":"CtvVe3j2HDNcvoJnaWJ3nv.1","action":"SyncServerConnectionManagerRequest", "result":"SYNC_SERVER_OK", "context":{"environment":"Prod_EastUS_000w", "migrationStage":"NotStarted", "server":"GENERAL1100002V"}}
{"logTime": "1007/180612", "correlationVector":"CtvVe3j2HDNcvoJnaWJ3nv.2","action":"GetUpdates", "result":"DeleteReceived", "context":{"id":"23586db6-4b66-401e-aea1-ffa2c37f2c57", "isDeleted:":"true", "version":"1728322528301"}}
{"logTime": "1007/180612", "correlationVector":"CtvVe3j2HDNcvoJnaWJ3nv.3","action":"GetUpdates Response", "result":"Success", "context":Received 4 update(s). cV=CtvVe3j2HDNcvoJnaWJ3nv.0;server=GENERAL1100002V;cloudType=Consumer;environment=Prod_EastUS_000w;migrationStage=NotStarted}
{"logTime": "1007/180646", "correlationVector":"vY9PM0Fz7bt+ZMDmiXAHnp","action":"Normal GetUpdate request", "result":"", "context":cV=vY9PM0Fz7bt+ZMDmiXAHnp
Nudged types: Sessions}
{"logTime": "1007/180646", "correlationVector":"vY9PM0Fz7bt+ZMDmiXAHnp.1","action":"SyncServerConnectionManagerRequest", "result":"SYNC_SERVER_OK", "context":{"environment":"Prod_WestUS2_000n", "migrationStage":"NotStarted", "server":"GENERAL0100000Y"}}
{"logTime": "1007/180646", "correlationVector":"vY9PM0Fz7bt+ZMDmiXAHnp.2","action":"GetUpdates Response", "result":"Success", "context":Received 0 update(s). cV=vY9PM0Fz7bt+ZMDmiXAHnp.0;server=GENERAL0100000Y;cloudType=Consumer;environment=Prod_WestUS2_000n;migrationStage=NotStarted}
{"logTime": "1007/180646", "correlationVector":"3kPs9z7FdGw2UXgQgrhuUq","action":"DoCompareDataConsistency requsted types: ", "result":"Bookmarks, Preferences, Passwords, Typed URLs, Extensions, Extension settings, History Delete Directives, Send Tab To Self, Web Apps, Collection, Edge E Drop, Edge Tab Group, Edge Wallet, Encryption Keys"}
{"logTime": "1007/180646", "correlationVector":"3kPs9z7FdGw2UXgQgrhuUq.0","action":"CompareDataConsistency result: ", "result":"Compare result: Encryption Keys is consistent. local entities count is: 1 local entities hash is: Wtpi8QMPpOMDzGY8e/Iuy3NiPLE="}
{"logTime": "1007/180646", "correlationVector":"3kPs9z7FdGw2UXgQgrhuUq.1","action":"CompareDataConsistency result: ", "result":"Compare result: Bookmarks is consistent. local entities count is: 5 local entities hash is: lWulDhGk/d87F6HAwUTAB/rAQ1E="}
{"logTime": "1007/180646", "correlationVector":"3kPs9z7FdGw2UXgQgrhuUq.2","action":"CompareDataConsistency result: ", "result":"Compare result: Preferences is consistent. local entities count is: 45 local entities hash is: qmCuHiACRwAs7zcilomcGBzGuvw="}
{"logTime": "1007/180646", "correlationVector":"3kPs9z7FdGw2UXgQgrhuUq.3","action":"CompareDataConsistency result: ", "result":"Server did not send this Typed URLs local entities count is: 0 local entities hash is: "}
{"logTime": "1007/180646", "correlationVector":"3kPs9z7FdGw2UXgQgrhuUq.4","action":"CompareDataConsistency result: ", "result":"Compare result: Extensions is consistent. local entities count is: 0 local entities hash is: "}
{"logTime": "1007/180646", "correlationVector":"3kPs9z7FdGw2UXgQgrhuUq.5","action":"CompareDataConsistency result: ", "result":"Compare result: Extension settings is consistent. local entities count is: 0 local entities hash is: "}
{"logTime": "1007/180646", "correlationVector":"3kPs9z7FdGw2UXgQgrhuUq.6","action":"CompareDataConsistency result: ", "result":"Compare result: History Delete Directives is consistent. local entities count is: 0 local entities hash is: "}
{"logTime": "1007/180646", "correlationVector":"3kPs9z7FdGw2UXgQgrhuUq.7","action":"CompareDataConsistency result: ", "result":"Server did not send this Send Tab To Self local entities count is: 0 local entities hash is: "}
{"logTime": "1007/180646", "correlationVector":"3kPs9z7FdGw2UXgQgrhuUq.8","action":"CompareDataConsistency result: ", "result":"Compare result: Web Apps is consistent. local entities count is: 0 local entities hash is: "}
{"logTime": "1007/180646", "correlationVector":"3kPs9z7FdGw2UXgQgrhuUq.9","action":"CompareDataConsistency result: ", "result":"Compare result: Collection is consistent. local entities count is: 0 local entities hash is: "}
{"logTime": "1007/180646", "correlationVector":"3kPs9z7FdGw2UXgQgrhuUq.10","action":"CompareDataConsistency result: ", "result":"Compare result: Edge E Drop is consistent. local entities count is: 0 local entities hash is: "}
{"logTime": "1007/180646", "correlationVector":"3kPs9z7FdGw2UXgQgrhuUq.11","action":"CompareDataConsistency result: ", "result":"Compare result: Edge Tab Group is consistent. local entities count is: 0 local entities hash is: "}
{"logTime": "1007/180646", "correlationVector":"3kPs9z7FdGw2UXgQgrhuUq.12","action":"CompareDataConsistency result: ", "result":"Compare result: Edge Wallet is consistent. local entities count is: 0 local entities hash is: "}
{"logTime": "1007/180646", "correlationVector":"3kPs9z7FdGw2UXgQgrhuUq.13","action":"CompareDataConsistency result: ", "result":"Compare result: Passwords is consistent. local entities count is: 3 local entities hash is: wQ49Twem4NRSBPa2cYj/veM6egg="}
{"logTime": "1007/180646", "correlationVector":"IGIJRkbYq6PCXycYX3n4Ho","action":"Commit Request", "result":"", "context":Item count: 2
Contributing types: Sessions}
{"logTime": "1007/180646", "correlationVector":"IGIJRkbYq6PCXycYX3n4Ho.1","action":"SyncServerConnectionManagerRequest", "result":"SYNC_SERVER_OK", "context":{"environment":"Prod_EastUS_000w", "migrationStage":"NotStarted", "server":"GENERAL1100002H"}}
{"logTime": "1007/180646", "correlationVector":"IGIJRkbYq6PCXycYX3n4Ho.2","action":"Commit Response", "result":"Success", "context":Result: Success. cV=IGIJRkbYq6PCXycYX3n4Ho.0;server=GENERAL1100002H;cloudType=Consumer;environment=Prod_EastUS_000w;migrationStage=NotStarted}
{"logTime": "1007/180646", "correlationVector":"","action":"DIAGNOSTIC_REQUEST|v1/diagnosticData/Diagnostic.SendCheckResult()|SUCCESS", "result":""}
{"logTime": "1007/182442", "correlationVector":"Y60dKRTSP4gjTjN5kynz5Y.1","action":"SyncServerConnectionManagerRequest", "result":"SYNC_SERVER_OK", "context":{"environment":"Prod_EastUS_000w", "migrationStage":"NotStarted", "server":"GENERAL1100001O"}}
{"logTime": "1007/182443", "correlationVector":"azQx4T94/hefB08OQecKtt","action":"SyncServerConnectionManagerRequest", "result":"SYNC_SERVER_OK", "context":{"environment":"", "migrationStage":"", "server":""}}
{"logTime": "1007/182443", "correlationVector":"Y60dKRTSP4gjTjN5kynz5Y","action":"Initial GetUpdates", "result":"", "context":Reason: NEW_CLIENT. cV=Y60dKRTSP4gjTjN5kynz5Y}
{"logTime": "1007/182443", "correlationVector":"Y60dKRTSP4gjTjN5kynz5Y.2","action":"GetUpdates Response", "result":"Success", "context":Received 1 update(s). cV=Y60dKRTSP4gjTjN5kynz5Y.0;server=GENERAL1100001O;cloudType=Consumer;environment=Prod_EastUS_000w;migrationStage=NotStarted}
{"logTime": "1007/182443", "correlationVector":"DbBp4u99V2g574883QaKKw","action":"Initial GetUpdates", "result":"", "context":Reason: NEWLY_SUPPORTED_DATATYPE. cV=DbBp4u99V2g574883QaKKw}
{"logTime": "1007/182443", "correlationVector":"DbBp4u99V2g574883QaKKw.1","action":"SyncServerConnectionManagerRequest", "result":"SYNC_SERVER_OK", "context":{"environment":"Prod_EastUS_000w", "migrationStage":"NotStarted", "server":"GENERAL1100002F"}}
{"logTime": "1007/182443", "correlationVector":"DbBp4u99V2g574883QaKKw.2","action":"GetUpdates Response", "result":"Success", "context":Received 3 update(s). cV=DbBp4u99V2g574883QaKKw.0;server=GENERAL1100002F;cloudType=Consumer;environment=Prod_EastUS_000w;migrationStage=NotStarted}
{"logTime": "1007/182443", "correlationVector":"YwI09PPIemftQlVfMGI+3D","action":"Normal GetUpdate request", "result":"", "context":cV=YwI09PPIemftQlVfMGI+3D
Nudged types: Sessions
Refresh requested types: Bookmarks, Preferences, Passwords, Autofill Profiles, Autofill, Typed URLs, Extensions, Sessions, Extension settings, History Delete Directives, Device Info, User Consents, Send Tab To Self, Web Apps, Collection, Edge E Drop, Edge Hub App Usage, Edge Tab Group, Edge Wallet, Encryption Keys}
{"logTime": "1007/182443", "correlationVector":"YwI09PPIemftQlVfMGI+3D.1","action":"SyncServerConnectionManagerRequest", "result":"SYNC_SERVER_OK", "context":{"environment":"Prod_EastUS_000w", "migrationStage":"NotStarted", "server":"GENERAL1100002E"}}
{"logTime": "1007/182443", "correlationVector":"YwI09PPIemftQlVfMGI+3D.2","action":"GetUpdates", "result":"DeleteReceived", "context":{"id":"b9149f32-b0d5-4846-826d-db6d8feb3c79", "isDeleted:":"true", "version":"1728324888229"}}
{"logTime": "1007/182443", "correlationVector":"YwI09PPIemftQlVfMGI+3D.3","action":"GetUpdates Response", "result":"Success", "context":Received 3 update(s). cV=YwI09PPIemftQlVfMGI+3D.0;server=GENERAL1100002E;cloudType=Consumer;environment=Prod_EastUS_000w;migrationStage=NotStarted}
{"logTime": "1007/182517", "correlationVector":"zVlLJ5fLHVexZXLQxCrr2f","action":"Normal GetUpdate request", "result":"", "context":cV=zVlLJ5fLHVexZXLQxCrr2f
Nudged types: Sessions}
{"logTime": "1007/182517", "correlationVector":"zVlLJ5fLHVexZXLQxCrr2f.1","action":"SyncServerConnectionManagerRequest", "result":"SYNC_SERVER_OK", "context":{"environment":"Prod_EastUS_000w", "migrationStage":"NotStarted", "server":"GENERAL1100000P"}}
{"logTime": "1007/182517", "correlationVector":"zVlLJ5fLHVexZXLQxCrr2f.2","action":"GetUpdates Response", "result":"Success", "context":Received 0 update(s). cV=zVlLJ5fLHVexZXLQxCrr2f.0;server=GENERAL1100000P;cloudType=Consumer;environment=Prod_EastUS_000w;migrationStage=NotStarted}
{"logTime": "1007/182517", "correlationVector":"kfm5Uzr/8NjpNdHuqOpIg9","action":"Commit Request", "result":"", "context":Item count: 2
Contributing types: Sessions}
{"logTime": "1007/182517", "correlationVector":"kfm5Uzr/8NjpNdHuqOpIg9.1","action":"SyncServerConnectionManagerRequest", "result":"SYNC_SERVER_OK", "context":{"environment":"Prod_EastUS_000w", "migrationStage":"NotStarted", "server":"GENERAL1100001J"}}
{"logTime": "1007/182517", "correlationVector":"kfm5Uzr/8NjpNdHuqOpIg9.2","action":"Commit Response", "result":"Success", "context":Result: Success. cV=kfm5Uzr/8NjpNdHuqOpIg9.0;server=GENERAL1100001J;cloudType=Consumer;environment=Prod_EastUS_000w;migrationStage=NotStarted}
{"logTime": "1007/183831", "correlationVector":"n6LqwJW9yyvZ0OzYrIgLm9.1","action":"SyncServerConnectionManagerRequest", "result":"SYNC_SERVER_OK", "context":{"environment":"Prod_EastUS_000w", "migrationStage":"NotStarted", "server":"GENERAL1100000L"}}
{"logTime": "1007/183832", "correlationVector":"vafe+ACkDN/xbgSHXGBWq0","action":"SyncServerConnectionManagerRequest", "result":"SYNC_SERVER_OK", "context":{"environment":"", "migrationStage":"", "server":""}}
{"logTime": "1007/183832", "correlationVector":"n6LqwJW9yyvZ0OzYrIgLm9","action":"Initial GetUpdates", "result":"", "context":Reason: NEW_CLIENT. cV=n6LqwJW9yyvZ0OzYrIgLm9}
{"logTime": "1007/183832", "correlationVector":"n6LqwJW9yyvZ0OzYrIgLm9.2","action":"GetUpdates Response", "result":"Success", "context":Received 1 update(s). cV=n6LqwJW9yyvZ0OzYrIgLm9.0;server=GENERAL1100000L;cloudType=Consumer;environment=Prod_EastUS_000w;migrationStage=NotStarted}
{"logTime": "1007/183832", "correlationVector":"SM5bS6lscNJZZrm77Lmugh","action":"Initial GetUpdates", "result":"", "context":Reason: NEWLY_SUPPORTED_DATATYPE. cV=SM5bS6lscNJZZrm77Lmugh}
{"logTime": "1007/183832", "correlationVector":"SM5bS6lscNJZZrm77Lmugh.1","action":"SyncServerConnectionManagerRequest", "result":"SYNC_SERVER_OK", "context":{"environment":"Prod_EastUS_000w", "migrationStage":"NotStarted", "server":"GENERAL1100002W"}}
{"logTime": "1007/183832", "correlationVector":"SM5bS6lscNJZZrm77Lmugh.2","action":"GetUpdates Response", "result":"Success", "context":Received 3 update(s). cV=SM5bS6lscNJZZrm77Lmugh.0;server=GENERAL1100002W;cloudType=Consumer;environment=Prod_EastUS_000w;migrationStage=NotStarted}
{"logTime": "1007/183832", "correlationVector":"7SH1EbaI1Jlax3NMWSEoka","action":"Normal GetUpdate request", "result":"", "context":cV=7SH1EbaI1Jlax3NMWSEoka
Nudged types: Sessions
Refresh requested types: Bookmarks, Preferences, Passwords, Autofill Profiles, Autofill, Typed URLs, Extensions, Sessions, Extension settings, History Delete Directives, Device Info, User Consents, Send Tab To Self, Web Apps, Collection, Edge E Drop, Edge Hub App Usage, Edge Tab Group, Edge Wallet, Encryption Keys}
{"logTime": "1007/183832", "correlationVector":"7SH1EbaI1Jlax3NMWSEoka.1","action":"SyncServerConnectionManagerRequest", "result":"SYNC_SERVER_OK", "context":{"environment":"Prod_EastUS_000w", "migrationStage":"NotStarted", "server":"GENERAL01000016"}}
{"logTime": "1007/183832", "correlationVector":"7SH1EbaI1Jlax3NMWSEoka.2","action":"GetUpdates Response", "result":"Success", "context":Received 2 update(s). cV=7SH1EbaI1Jlax3NMWSEoka.0;server=GENERAL01000016;cloudType=Consumer;environment=Prod_EastUS_000w;migrationStage=NotStarted}
{"logTime": "1007/183832", "correlationVector":"W3+ls/julkBxuCcniQRi9K","action":"Commit Request", "result":"", "context":Item count: 2
Contributing types: Sessions}
{"logTime": "1007/183832", "correlationVector":"W3+ls/julkBxuCcniQRi9K.1","action":"SyncServerConnectionManagerRequest", "result":"SYNC_SERVER_OK", "context":{"environment":"Prod_EastUS_000w", "migrationStage":"NotStarted", "server":"GENERAL11000035"}}
{"logTime": "1007/183832", "correlationVector":"W3+ls/julkBxuCcniQRi9K.2","action":"Commit Response", "result":"Success", "context":Result: Success. cV=W3+ls/julkBxuCcniQRi9K.0;server=GENERAL11000035;cloudType=Consumer;environment=Prod_EastUS_000w;migrationStage=NotStarted}
{"logTime": "1007/183902", "correlationVector":"EjKCCuL36cfMymdBwJdxOu","action":"Normal GetUpdate request", "result":"", "context":cV=EjKCCuL36cfMymdBwJdxOu
Nudged types: Sessions}
{"logTime": "1007/183903", "correlationVector":"EjKCCuL36cfMymdBwJdxOu.1","action":"SyncServerConnectionManagerRequest", "result":"SYNC_SERVER_OK", "context":{"environment":"Prod_EastUS_000w", "migrationStage":"NotStarted", "server":"GENERAL1100001V"}}
{"logTime": "1007/183903", "correlationVector":"EjKCCuL36cfMymdBwJdxOu.2","action":"GetUpdates Response", "result":"Success", "context":Received 2 update(s). cV=EjKCCuL36cfMymdBwJdxOu.0;server=GENERAL1100001V;cloudType=Consumer;environment=Prod_EastUS_000w;migrationStage=NotStarted}
{"logTime": "1007/183903", "correlationVector":"tlvlS7Q8SMJAD4RiZaD0qF","action":"Commit Request", "result":"", "context":Item count: 1
Contributing types: Sessions}
{"logTime": "1007/183903", "correlationVector":"tlvlS7Q8SMJAD4RiZaD0qF.1","action":"SyncServerConnectionManagerRequest", "result":"SYNC_SERVER_OK", "context":{"environment":"Prod_EastUS_000w", "migrationStage":"NotStarted", "server":"GENERAL1100002W"}}
{"logTime": "1007/183903", "correlationVector":"tlvlS7Q8SMJAD4RiZaD0qF.2","action":"Commit Response", "result":"Success", "context":Result: Success. cV=tlvlS7Q8SMJAD4RiZaD0qF.0;server=GENERAL1100002W;cloudType=Consumer;environment=Prod_EastUS_000w;migrationStage=NotStarted}
{"logTime": "1007/185532", "correlationVector":"C+/XggVCE3rOxkx3uGZvko.1","action":"SyncServerConnectionManagerRequest", "result":"SYNC_SERVER_OK", "context":{"environment":"Prod_NorthCentralUS_000g", "migrationStage":"NotStarted", "server":"GENERAL0100000Z"}}
{"logTime": "1007/185532", "correlationVector":"WQlLt4K/4B3JQ7fTu2VykW","action":"SyncServerConnectionManagerRequest", "result":"SYNC_SERVER_OK", "context":{"environment":"", "migrationStage":"", "server":""}}
{"logTime": "1007/185532", "correlationVector":"C+/XggVCE3rOxkx3uGZvko","action":"Initial GetUpdates", "result":"", "context":Reason: NEW_CLIENT. cV=C+/XggVCE3rOxkx3uGZvko}
{"logTime": "1007/185532", "correlationVector":"C+/XggVCE3rOxkx3uGZvko.2","action":"GetUpdates Response", "result":"Success", "context":Received 1 update(s). cV=C+/XggVCE3rOxkx3uGZvko.0;server=GENERAL0100000Z;cloudType=Consumer;environment=Prod_NorthCentralUS_000g;migrationStage=NotStarted}
{"logTime": "1007/185532", "correlationVector":"JfD6FFYqM4vJ7KomRD7OwL","action":"Initial GetUpdates", "result":"", "context":Reason: NEWLY_SUPPORTED_DATATYPE. cV=JfD6FFYqM4vJ7KomRD7OwL}
{"logTime": "1007/185532", "correlationVector":"JfD6FFYqM4vJ7KomRD7OwL.1","action":"SyncServerConnectionManagerRequest", "result":"SYNC_SERVER_OK", "context":{"environment":"Prod_EastUS2_000e", "migrationStage":"NotStarted", "server":"GENERAL0100002C"}}
{"logTime": "1007/185532", "correlationVector":"JfD6FFYqM4vJ7KomRD7OwL.2","action":"GetUpdates Response", "result":"Success", "context":Received 3 update(s). cV=JfD6FFYqM4vJ7KomRD7OwL.0;server=GENERAL0100002C;cloudType=Consumer;environment=Prod_EastUS2_000e;migrationStage=NotStarted}
{"logTime": "1007/185532", "correlationVector":"OmjYGyk+R/yMysU8wJH2fN","action":"Normal GetUpdate request", "result":"", "context":cV=OmjYGyk+R/yMysU8wJH2fN
Nudged types: Sessions
Refresh requested types: Bookmarks, Preferences, Passwords, Autofill Profiles, Autofill, Typed URLs, Extensions, Sessions, Extension settings, History Delete Directives, Device Info, User Consents, Send Tab To Self, Web Apps, Collection, Edge E Drop, Edge Hub App Usage, Edge Tab Group, Edge Wallet, Encryption Keys}
{"logTime": "1007/185533", "correlationVector":"OmjYGyk+R/yMysU8wJH2fN.1","action":"SyncServerConnectionManagerRequest", "result":"SYNC_SERVER_OK", "context":{"environment":"Prod_NorthCentralUS_000g", "migrationStage":"NotStarted", "server":"GENERAL0100002J"}}
{"logTime": "1007/185533", "correlationVector":"OmjYGyk+R/yMysU8wJH2fN.2","action":"GetUpdates Response", "result":"Success", "context":Received 1 update(s). cV=OmjYGyk+R/yMysU8wJH2fN.0;server=GENERAL0100002J;cloudType=Consumer;environment=Prod_NorthCentralUS_000g;migrationStage=NotStarted}
{"logTime": "1007/185533", "correlationVector":"7qN4GpFtO5Ep01/VqAGabL","action":"DoCompareDataConsistency requsted types: ", "result":"Bookmarks, Preferences, Passwords, Typed URLs, Extensions, Extension settings, History Delete Directives, Send Tab To Self, Web Apps, Collection, Edge E Drop, Edge Tab Group, Edge Wallet, Encryption Keys"}
{"logTime": "1007/185533", "correlationVector":"7qN4GpFtO5Ep01/VqAGabL.0","action":"CompareDataConsistency result: ", "result":"Compare result: Encryption Keys is consistent. local entities count is: 1 local entities hash is: Wtpi8QMPpOMDzGY8e/Iuy3NiPLE="}
{"logTime": "1007/185533", "correlationVector":"7qN4GpFtO5Ep01/VqAGabL.1","action":"CompareDataConsistency result: ", "result":"Compare result: Bookmarks is consistent. local entities count is: 5 local entities hash is: lWulDhGk/d87F6HAwUTAB/rAQ1E="}
{"logTime": "1007/185533", "correlationVector":"7qN4GpFtO5Ep01/VqAGabL.2","action":"CompareDataConsistency result: ", "result":"Compare result: Preferences is consistent. local entities count is: 45 local entities hash is: qmCuHiACRwAs7zcilomcGBzGuvw="}
{"logTime": "1007/185533", "correlationVector":"7qN4GpFtO5Ep01/VqAGabL.3","action":"CompareDataConsistency result: ", "result":"Server did not send this Typed URLs local entities count is: 0 local entities hash is: "}
{"logTime": "1007/185533", "correlationVector":"7qN4GpFtO5Ep01/VqAGabL.4","action":"CompareDataConsistency result: ", "result":"Compare result: Extensions is consistent. local entities count is: 0 local entities hash is: "}
{"logTime": "1007/185533", "correlationVector":"7qN4GpFtO5Ep01/VqAGabL.5","action":"CompareDataConsistency result: ", "result":"Compare result: Extension settings is consistent. local entities count is: 0 local entities hash is: "}
{"logTime": "1007/185533", "correlationVector":"7qN4GpFtO5Ep01/VqAGabL.6","action":"CompareDataConsistency result: ", "result":"Compare result: History Delete Directives is consistent. local entities count is: 0 local entities hash is: "}
{"logTime": "1007/185533", "correlationVector":"7qN4GpFtO5Ep01/VqAGabL.7","action":"CompareDataConsistency result: ", "result":"Server did not send this Send Tab To Self local entities count is: 0 local entities hash is: "}
{"logTime": "1007/185533", "correlationVector":"7qN4GpFtO5Ep01/VqAGabL.8","action":"CompareDataConsistency result: ", "result":"Compare result: Web Apps is consistent. local entities count is: 0 local entities hash is: "}
{"logTime": "1007/185533", "correlationVector":"7qN4GpFtO5Ep01/VqAGabL.9","action":"CompareDataConsistency result: ", "result":"Compare result: Collection is consistent. local entities count is: 0 local entities hash is: "}
{"logTime": "1007/185533", "correlationVector":"7qN4GpFtO5Ep01/VqAGabL.10","action":"CompareDataConsistency result: ", "result":"Compare result: Edge E Drop is consistent. local entities count is: 0 local entities hash is: "}
{"logTime": "1007/185533", "correlationVector":"7qN4GpFtO5Ep01/VqAGabL.11","action":"CompareDataConsistency result: ", "result":"Compare result: Edge Tab Group is consistent. local entities count is: 0 local entities hash is: "}
{"logTime": "1007/185533", "correlationVector":"7qN4GpFtO5Ep01/VqAGabL.12","action":"CompareDataConsistency result: ", "result":"Compare result: Edge Wallet is consistent. local entities count is: 0 local entities hash is: "}
{"logTime": "1007/185533", "correlationVector":"7qN4GpFtO5Ep01/VqAGabL.13","action":"CompareDataConsistency result: ", "result":"Compare result: Passwords is consistent. local entities count is: 3 local entities hash is: wQ49Twem4NRSBPa2cYj/veM6egg="}
{"logTime": "1007/185533", "correlationVector":"tpMi8CNFsDtRn+RvdKqY38","action":"Commit Request", "result":"", "context":Item count: 3
Contributing types: Sessions}
{"logTime": "1007/185533", "correlationVector":"tpMi8CNFsDtRn+RvdKqY38.1","action":"SyncServerConnectionManagerRequest", "result":"SYNC_SERVER_OK", "context":{"environment":"Prod_NorthCentralUS_000g", "migrationStage":"NotStarted", "server":"GENERAL0100002G"}}
{"logTime": "1007/185533", "correlationVector":"tpMi8CNFsDtRn+RvdKqY38.3","action":"Commit.Sessions", "result":"Success", "context":{"id":"64e47bb5-9615-4133-bbdb-524cdfa92244", "isDeleted":"true", "size":"0", "version":"1728326342870"}}
{"logTime": "1007/185533", "correlationVector":"tpMi8CNFsDtRn+RvdKqY38.2","action":"Commit Response", "result":"Success", "context":Result: Success. cV=tpMi8CNFsDtRn+RvdKqY38.0;server=GENERAL0100002G;cloudType=Consumer;environment=Prod_NorthCentralUS_000g;migrationStage=NotStarted}
{"logTime": "1007/185533", "correlationVector":"","action":"DIAGNOSTIC_REQUEST|v1/diagnosticData/Diagnostic.SendCheckResult()|SUCCESS", "result":""}
{"logTime": "1007/185603", "correlationVector":"53lnB9wH16DTAIAteiWKx2","action":"Normal GetUpdate request", "result":"", "context":cV=53lnB9wH16DTAIAteiWKx2
Nudged types: Sessions}
{"logTime": "1007/185604", "correlationVector":"53lnB9wH16DTAIAteiWKx2.1","action":"SyncServerConnectionManagerRequest", "result":"SYNC_SERVER_OK", "context":{"environment":"Prod_NorthCentralUS_000g", "migrationStage":"NotStarted", "server":"GENERAL0100001H"}}
{"logTime": "1007/185604", "correlationVector":"53lnB9wH16DTAIAteiWKx2.2","action":"GetUpdates", "result":"DeleteReceived", "context":{"id":"64e47bb5-9615-4133-bbdb-524cdfa92244", "isDeleted:":"true", "version":"1728327333052"}}
{"logTime": "1007/185604", "correlationVector":"53lnB9wH16DTAIAteiWKx2.3","action":"GetUpdates Response", "result":"Success", "context":Received 3 update(s). cV=53lnB9wH16DTAIAteiWKx2.0;server=GENERAL0100001H;cloudType=Consumer;environment=Prod_NorthCentralUS_000g;migrationStage=NotStarted}
{"logTime": "1007/185604", "correlationVector":"Qp6TTPYUQJ28NLrUhhSz83","action":"Commit Request", "result":"", "context":Item count: 1
Contributing types: Sessions}
{"logTime": "1007/185604", "correlationVector":"Qp6TTPYUQJ28NLrUhhSz83.1","action":"SyncServerConnectionManagerRequest", "result":"SYNC_SERVER_OK", "context":{"environment":"Prod_NorthCentralUS_000g", "migrationStage":"NotStarted", "server":"GENERAL0100000H"}}
{"logTime": "1007/185604", "correlationVector":"Qp6TTPYUQJ28NLrUhhSz83.2","action":"Commit Response", "result":"Success", "context":Result: Success. cV=Qp6TTPYUQJ28NLrUhhSz83.0;server=GENERAL0100000H;cloudType=Consumer;environment=Prod_NorthCentralUS_000g;migrationStage=NotStarted}
{"logTime": "1007/190030", "correlationVector":"8C8YxVZcwW7xd5l50K2aqL","action":"Normal GetUpdate request", "result":"", "context":cV=8C8YxVZcwW7xd5l50K2aqL
Refresh requested types: Bookmarks, Preferences, Passwords, Autofill Profiles, Autofill, Typed URLs, Extensions, Sessions, Extension settings, History Delete Directives, Device Info, User Consents, Send Tab To Self, Web Apps, Collection, Edge E Drop, Edge Hub App Usage, Edge Tab Group, Edge Wallet, Encryption Keys}
{"logTime": "1007/190031", "correlationVector":"8C8YxVZcwW7xd5l50K2aqL.1","action":"SyncServerConnectionManagerRequest", "result":"SYNC_SERVER_OK", "context":{"environment":"Prod_EastUS_000w", "migrationStage":"NotStarted", "server":"GENERAL1100002T"}}
{"logTime": "1007/190031", "correlationVector":"8C8YxVZcwW7xd5l50K2aqL.2","action":"GetUpdates Response", "result":"Success", "context":Received 1 update(s). cV=8C8YxVZcwW7xd5l50K2aqL.0;server=GENERAL1100002T;cloudType=Consumer;environment=Prod_EastUS_000w;migrationStage=NotStarted}
